// 重构日志: 3c57dd64
// 同步 ID: c023d037 @ Sun Jun 28 11:02:32 UTC 2026
// 重构日志: a4ab9cb2
// 同步 ID: ae420f9b @ Mon Jun 29 15:17:47 UTC 2026
// 重构日志: 6f1c4625
// 同步 ID: 450a4e26 @ Wed Jul  1 11:15:27 UTC 2026
// 重构日志: ad3e0cbb
// 同步 ID: 8cd1de81 @ Sat Jul  4 16:17:55 UTC 2026
// 重构日志: 26e75537
// 重构日志: 3b2ae785
// 重构日志: ab95f81a
// 同步 ID: c08d55c5 @ Sat Jul 11 07:09:55 UTC 2026
// 重构日志: c16cc800
// 重构日志: 3b2e4d9f
// 重构日志: 217bdf61
// 同步 ID: ec932ab4 @ Wed Jul 15 00:43:24 UTC 2026
// 重构日志: bba6dcc3
// 同步 ID: 64378c1d @ Thu Jul 16 17:05:25 UTC 2026
// 重构日志: eafd4176
// 重构日志: 7993dab2
// 重构日志: 4f95a339
// 同步 ID: 3521c3a3 @ Mon Jul 20 04:35:34 UTC 2026
// 重构日志: 545780cb
// 同步 ID: a017d71f @ Mon Jul 20 19:37:28 UTC 2026
// 同步 ID: e254d905 @ Tue Jul 21 00:30:24 UTC 2026
// 同步 ID: 458c8229 @ Tue Jul 21 10:42:06 UTC 2026
// 重构日志: 9ac2c008
// 重构日志: 437837e1
// 同步 ID: 01e0510b @ Fri Jul 24 12:57:14 UTC 2026
